# JRE version: OpenJDK Runtime Environment (21.0.2+13) (build 21.0.2+13-58)
# Java VM: OpenJDK 64-Bit Server VM (21.0.2+13-58, mixed mode, emulated-client, sharing, tiered, compressed oops, compressed class ptrs, g1 gc, windows-amd64)
GC Precious Log:
 CardTable entry size: 512
 Card Set container configuration: InlinePtr #cards 5 size 8 Array Of Cards #cards 12 size 40 Howl #buckets 4 coarsen threshold 1843 Howl Bitmap #cards 512 size 80 coarsen threshold 460 Card regions per heap region 1 cards per card region 2048
 CPUs: 8 total, 8 available
 Memory: 6091M
 Large Page Support: Disabled
 NUMA Support: Disabled
 Compressed Oops: Enabled (32-bit)
 Heap Region Size: 1M
 Heap Min Capacity: 8M
 Heap Initial Capacity: 96M
 Heap Max Capacity: 1524M
 Pre-touch: Disabled
 Parallel Workers: 8
 Concurrent Workers: 2
 Concurrent Refinement Workers: 8
 Periodic GC: Disabled
Heap:
 garbage-first heap   total 89088K, used 46728K [0x00000000a0c00000, 0x0000000100000000)
  region size 1024K, 24 young (24576K), 5 survivors (5120K)
 Metaspace       used 65586K, committed 66368K, reserved 1114112K
  class space    used 9376K, committed 9728K, reserved 1048576K
GC Heap History (20 events):
Event: 2423.748 GC heap before
{Heap before GC invocations=32 (full 0):
 garbage-first heap   total 56320K, used 27756K [0x00000000a0c00000, 0x0000000100000000)
  region size 1024K, 2 young (2048K), 1 survivors (1024K)
 Metaspace       used 64887K, committed 65600K, reserved 1114112K
  class space    used 9241K, committed 9536K, reserved 1048576K
}
Event: 2423.755 GC heap after
{Heap after GC invocations=33 (full 0):
 garbage-first heap   total 56320K, used 26581K [0x00000000a0c00000, 0x0000000100000000)
  region size 1024K, 1 young (1024K), 1 survivors (1024K)
 Metaspace       used 64887K, committed 65600K, reserved 1114112K
  class space    used 9241K, committed 9536K, reserved 1048576K
}
Event: 2480.431 GC heap before
{Heap before GC invocations=33 (full 0):
 garbage-first heap   total 56320K, used 29653K [0x00000000a0c00000, 0x0000000100000000)
  region size 1024K, 5 young (5120K), 1 survivors (1024K)
 Metaspace       used 65030K, committed 65664K, reserved 1114112K
  class space    used 9284K, committed 9600K, reserved 1048576K
}
Event: 2480.845 GC heap after
{Heap after GC invocations=34 (full 1):
 garbage-first heap   total 56320K, used 21739K [0x00000000a0c00000, 0x0000000100000000)
  region size 1024K, 0 young (0K), 0 survivors (0K)
 Metaspace       used 65012K, committed 65664K, reserved 1114112K
  class space    used 9281K, committed 9600K, reserved 1048576K
}
Event: 2481.336 GC heap before
{Heap before GC invocations=34 (full 1):
 garbage-first heap   total 56320K, used 30955K [0x00000000a0c00000, 0x0000000100000000)
  region size 1024K, 10 young (10240K), 0 survivors (0K)
 Metaspace       used 65034K, committed 65664K, reserved 1114112K
  class space    used 9287K, committed 9600K, reserved 1048576K
}
Event: 2481.349 GC heap after
{Heap after GC invocations=35 (full 1):
 garbage-first heap   total 56320K, used 23491K [0x00000000a0c00000, 0x0000000100000000)
  region size 1024K, 2 young (2048K), 2 survivors (2048K)
 Metaspace       used 65034K, committed 65664K, reserved 1114112K
  class space    used 9287K, committed 9600K, reserved 1048576K
}
Event: 2482.131 GC heap before
{Heap before GC invocations=36 (full 1):
 garbage-first heap   total 56320K, used 38851K [0x00000000a0c00000, 0x0000000100000000)
  region size 1024K, 17 young (17408K), 2 survivors (2048K)
 Metaspace       used 65009K, committed 65664K, reserved 1114112K
  class space    used 9280K, committed 9600K, reserved 1048576K
}
Event: 2482.141 GC heap after
{Heap after GC invocations=37 (full 1):
 garbage-first heap   total 56320K, used 24685K [0x00000000a0c00000, 0x0000000100000000)
  region size 1024K, 2 young (2048K), 2 survivors (2048K)
 Metaspace       used 65009K, committed 65664K, reserved 1114112K
  class space    used 9280K, committed 9600K, reserved 1048576K
}
Event: 2482.168 GC heap before
{Heap before GC invocations=37 (full 1):
 garbage-first heap   total 56320K, used 25709K [0x00000000a0c00000, 0x0000000100000000)
  region size 1024K, 3 young (3072K), 2 survivors (2048K)
 Metaspace       used 65022K, committed 65664K, reserved 1114112K
  class space    used 9284K, committed 9600K, reserved 1048576K
}
Event: 2482.174 GC heap after
{Heap after GC invocations=38 (full 1):
 garbage-first heap   total 56320K, used 25079K [0x00000000a0c00000, 0x0000000100000000)
  region size 1024K, 1 young (1024K), 1 survivors (1024K)
 Metaspace       used 65022K, committed 65664K, reserved 1114112K
  class space    used 9284K, committed 9600K, reserved 1048576K
}
Event: 2484.328 GC heap before
{Heap before GC invocations=38 (full 1):
 garbage-first heap   total 56320K, used 44535K [0x00000000a0c00000, 0x0000000100000000)
  region size 1024K, 21 young (21504K), 1 survivors (1024K)
 Metaspace       used 65265K, committed 65984K, reserved 1114112K
  class space    used 9344K, committed 9664K, reserved 1048576K
}
Event: 2484.342 GC heap after
{Heap after GC invocations=39 (full 1):
 garbage-first heap   total 93184K, used 27449K [0x00000000a0c00000, 0x0000000100000000)
  region size 1024K, 3 young (3072K), 3 survivors (3072K)
 Metaspace       used 65265K, committed 65984K, reserved 1114112K
  class space    used 9344K, committed 9664K, reserved 1048576K
}
Event: 2485.587 GC heap before
{Heap before GC invocations=40 (full 1):
 garbage-first heap   total 93184K, used 67385K [0x00000000a0c00000, 0x0000000100000000)
  region size 1024K, 43 young (44032K), 3 survivors (3072K)
 Metaspace       used 65458K, committed 66240K, reserved 1114112K
  class space    used 9374K, committed 9728K, reserved 1048576K
}
Event: 2485.595 GC heap after
{Heap after GC invocations=41 (full 1):
 garbage-first heap   total 93184K, used 31208K [0x00000000a0c00000, 0x0000000100000000)
  region size 1024K, 6 young (6144K), 6 survivors (6144K)
 Metaspace       used 65458K, committed 66240K, reserved 1114112K
  class space    used 9374K, committed 9728K, reserved 1048576K
}
Event: 2485.621 GC heap before
{Heap before GC invocations=41 (full 1):
 garbage-first heap   total 93184K, used 32232K [0x00000000a0c00000, 0x0000000100000000)
  region size 1024K, 7 young (7168K), 6 survivors (6144K)
 Metaspace       used 65464K, committed 66240K, reserved 1114112K
  class space    used 9375K, committed 9728K, reserved 1048576K
}
Event: 2485.632 GC heap after
{Heap after GC invocations=42 (full 1):
 garbage-first heap   total 93184K, used 32404K [0x00000000a0c00000, 0x0000000100000000)
  region size 1024K, 1 young (1024K), 1 survivors (1024K)
 Metaspace       used 65464K, committed 66240K, reserved 1114112K
  class space    used 9375K, committed 9728K, reserved 1048576K
}
Event: 2488.089 GC heap before
{Heap before GC invocations=42 (full 1):
 garbage-first heap   total 93184K, used 35476K [0x00000000a0c00000, 0x0000000100000000)
  region size 1024K, 5 young (5120K), 1 survivors (1024K)
 Metaspace       used 65470K, committed 66240K, reserved 1114112K
  class space    used 9377K, committed 9728K, reserved 1048576K
}
Event: 2488.138 GC heap after
{Heap after GC invocations=43 (full 2):
 garbage-first heap   total 89088K, used 23961K [0x00000000a0c00000, 0x0000000100000000)
  region size 1024K, 0 young (0K), 0 survivors (0K)
 Metaspace       used 65405K, committed 66240K, reserved 1114112K
  class space    used 9361K, committed 9728K, reserved 1048576K
}
Event: 2489.452 GC heap before
{Heap before GC invocations=43 (full 2):
 garbage-first heap   total 89088K, used 67993K [0x00000000a0c00000, 0x0000000100000000)
  region size 1024K, 44 young (45056K), 0 survivors (0K)
 Metaspace       used 65556K, committed 66304K, reserved 1114112K
  class space    used 9374K, committed 9728K, reserved 1048576K
}
Event: 2489.458 GC heap after
{Heap after GC invocations=44 (full 2):
 garbage-first heap   total 89088K, used 28296K [0x00000000a0c00000, 0x0000000100000000)
  region size 1024K, 5 young (5120K), 5 survivors (5120K)
 Metaspace       used 65556K, committed 66304K, reserved 1114112K
  class space    used 9374K, committed 9728K, reserved 1048576K
}

